2025-08-12 00:37:12.952 +07:00 [ERR] Unhandled exception occurred while processing request: /api/wallet/info
Refit.ApiException: Response status code does not indicate success: 404 (Not Found).
   at Refit.RequestBuilderImplementation.<>c__DisplayClass15_0`2.<<BuildCancellableTaskFuncForMethod>b__0>d.MoveNext() in c:\temp\releaser\refit\Refit\RequestBuilderImplementation.cs:line 384
--- End of stack trace from previous location ---
   at Refit.Implementation.Generated.B39ScanChainApplicationInterfacesWalletIMoralisWalletApi.global::B39.ScanChain.Application.Interfaces.Wallet.IMoralisWalletApi.GetBalanceAsync(String address) in C:\Users\luong.ha\Documents\Dev\ScanChain\scan-chain-api\source\B39.ScanChain.Application\obj\Debug\net8.0\InterfaceStubGeneratorV2\Refit.Generator.InterfaceStubGeneratorV2\IMoralisWalletApi.g.cs:line 61
   at B39.ScanChain.Application.CQRS.Queries.GetOneUserHandler.Handle(GetWalletInfoQuery request, CancellationToken cancellationToken) in C:\Users\luong.ha\Documents\Dev\ScanChain\scan-chain-api\source\B39.ScanChain.Application\CQRS\Queries\GetWalletInfoQuery.cs:line 38
   at B39.ScanChain.Application.Extensions.EndpointExtension.<>c__1`2.<<MapGet>b__1_0>d.MoveNext() in C:\Users\luong.ha\Documents\Dev\ScanChain\scan-chain-api\source\B39.ScanChain.Application\Extensions\EndpointExtension.cs:line 27
--- End of stack trace from previous location ---
   at Microsoft.AspNetCore.Http.RequestDelegateFactory.<ExecuteTaskOfT>g__ExecuteAwaited|133_0[T](Task`1 task, HttpContext httpContext, JsonTypeInfo`1 jsonTypeInfo)
   at Microsoft.AspNetCore.Authorization.AuthorizationMiddleware.Invoke(HttpContext context)
   at Microsoft.AspNetCore.Authentication.AuthenticationMiddleware.Invoke(HttpContext context)
   at B39.ScanChain.HttpApi.Middlewares.ExceptionHandlingMiddleware.Invoke(HttpContext context) in C:\Users\luong.ha\Documents\Dev\ScanChain\scan-chain-api\host\B39.ScanChain.HttpApi\Middlewares\ExceptionHandlingMiddleware.cs:line 15
2025-08-12 00:37:13.075 +07:00 [ERR] An unhandled exception has occurred while executing the request.
System.NotSupportedException: Serialization and deserialization of 'System.Type' instances is not supported. Path: $.HttpContext.Features.Key.
 ---> System.NotSupportedException: Serialization and deserialization of 'System.Type' instances is not supported.
   at System.Text.Json.Serialization.Converters.UnsupportedTypeConverter`1.Write(Utf8JsonWriter writer, T value, JsonSerializerOptions options)
   at System.Text.Json.Serialization.JsonConverter`1.TryWrite(Utf8JsonWriter writer, T& value, JsonSerializerOptions options, WriteStack& state)
   at System.Text.Json.Serialization.Metadata.JsonPropertyInfo`1.GetMemberAndWriteJson(Object obj, WriteStack& state, Utf8JsonWriter writer)
   at System.Text.Json.Serialization.Converters.ObjectDefaultConverter`1.OnTryWrite(Utf8JsonWriter writer, T value, JsonSerializerOptions options, WriteStack& state)
   at System.Text.Json.Serialization.JsonConverter`1.TryWrite(Utf8JsonWriter writer, T& value, JsonSerializerOptions options, WriteStack& state)
   at System.Text.Json.Serialization.Converters.IEnumerableDefaultConverter`2.OnWriteResume(Utf8JsonWriter writer, TCollection value, JsonSerializerOptions options, WriteStack& state)
   at System.Text.Json.Serialization.JsonCollectionConverter`2.OnTryWrite(Utf8JsonWriter writer, TCollection value, JsonSerializerOptions options, WriteStack& state)
   at System.Text.Json.Serialization.JsonConverter`1.TryWrite(Utf8JsonWriter writer, T& value, JsonSerializerOptions options, WriteStack& state)
   at System.Text.Json.Serialization.Metadata.JsonPropertyInfo`1.GetMemberAndWriteJson(Object obj, WriteStack& state, Utf8JsonWriter writer)
   at System.Text.Json.Serialization.Converters.ObjectDefaultConverter`1.OnTryWrite(Utf8JsonWriter writer, T value, JsonSerializerOptions options, WriteStack& state)
   at System.Text.Json.Serialization.JsonConverter`1.TryWrite(Utf8JsonWriter writer, T& value, JsonSerializerOptions options, WriteStack& state)
   at System.Text.Json.Serialization.Metadata.JsonPropertyInfo`1.GetMemberAndWriteJson(Object obj, WriteStack& state, Utf8JsonWriter writer)
   at System.Text.Json.Serialization.Converters.ObjectDefaultConverter`1.OnTryWrite(Utf8JsonWriter writer, T value, JsonSerializerOptions options, WriteStack& state)
   at System.Text.Json.Serialization.JsonConverter`1.TryWrite(Utf8JsonWriter writer, T& value, JsonSerializerOptions options, WriteStack& state)
   at System.Text.Json.Serialization.JsonConverter`1.WriteCore(Utf8JsonWriter writer, T& value, JsonSerializerOptions options, WriteStack& state)
   --- End of inner exception stack trace ---
   at System.Text.Json.ThrowHelper.ThrowNotSupportedException(WriteStack& state, NotSupportedException ex)
   at System.Text.Json.Serialization.JsonConverter`1.WriteCore(Utf8JsonWriter writer, T& value, JsonSerializerOptions options, WriteStack& state)
   at System.Text.Json.Serialization.Metadata.JsonTypeInfo`1.SerializeAsync(Stream utf8Json, T rootValue, CancellationToken cancellationToken, Object rootValueBoxed)
   at System.Text.Json.Serialization.Metadata.JsonTypeInfo`1.SerializeAsync(Stream utf8Json, T rootValue, CancellationToken cancellationToken, Object rootValueBoxed)
   at System.Text.Json.Serialization.Metadata.JsonTypeInfo`1.SerializeAsync(Stream utf8Json, T rootValue, CancellationToken cancellationToken, Object rootValueBoxed)
   at Microsoft.AspNetCore.Http.HttpResponseJsonExtensions.WriteAsJsonAsyncSlow[TValue](Stream body, TValue value, JsonSerializerOptions options, CancellationToken cancellationToken)
   at B39.ScanChain.HttpApi.Middlewares.ExceptionHandlingMiddleware.Invoke(HttpContext context) in C:\Users\luong.ha\Documents\Dev\ScanChain\scan-chain-api\host\B39.ScanChain.HttpApi\Middlewares\ExceptionHandlingMiddleware.cs:line 36
   at Swashbuckle.AspNetCore.SwaggerUI.SwaggerUIMiddleware.Invoke(HttpContext httpContext)
   at Swashbuckle.AspNetCore.Swagger.SwaggerMiddleware.Invoke(HttpContext httpContext, ISwaggerProvider swaggerProvider)
   at Microsoft.AspNetCore.Diagnostics.DeveloperExceptionPageMiddlewareImpl.Invoke(HttpContext context)
2025-08-12 00:37:33.129 +07:00 [ERR] Unhandled exception occurred while processing request: /api/wallet/info
Refit.ApiException: Response status code does not indicate success: 404 (Not Found).
   at Refit.RequestBuilderImplementation.<>c__DisplayClass15_0`2.<<BuildCancellableTaskFuncForMethod>b__0>d.MoveNext() in c:\temp\releaser\refit\Refit\RequestBuilderImplementation.cs:line 384
--- End of stack trace from previous location ---
   at Refit.Implementation.Generated.B39ScanChainApplicationInterfacesWalletIMoralisWalletApi.global::B39.ScanChain.Application.Interfaces.Wallet.IMoralisWalletApi.GetBalanceAsync(String address) in C:\Users\luong.ha\Documents\Dev\ScanChain\scan-chain-api\source\B39.ScanChain.Application\obj\Debug\net8.0\InterfaceStubGeneratorV2\Refit.Generator.InterfaceStubGeneratorV2\IMoralisWalletApi.g.cs:line 61
   at B39.ScanChain.Application.CQRS.Queries.GetOneUserHandler.Handle(GetWalletInfoQuery request, CancellationToken cancellationToken) in C:\Users\luong.ha\Documents\Dev\ScanChain\scan-chain-api\source\B39.ScanChain.Application\CQRS\Queries\GetWalletInfoQuery.cs:line 38
   at B39.ScanChain.Application.Extensions.EndpointExtension.<>c__1`2.<<MapGet>b__1_0>d.MoveNext() in C:\Users\luong.ha\Documents\Dev\ScanChain\scan-chain-api\source\B39.ScanChain.Application\Extensions\EndpointExtension.cs:line 27
--- End of stack trace from previous location ---
   at Microsoft.AspNetCore.Http.RequestDelegateFactory.<ExecuteTaskOfT>g__ExecuteAwaited|133_0[T](Task`1 task, HttpContext httpContext, JsonTypeInfo`1 jsonTypeInfo)
   at Microsoft.AspNetCore.Authorization.AuthorizationMiddleware.Invoke(HttpContext context)
   at Microsoft.AspNetCore.Authentication.AuthenticationMiddleware.Invoke(HttpContext context)
   at B39.ScanChain.HttpApi.Middlewares.ExceptionHandlingMiddleware.Invoke(HttpContext context) in C:\Users\luong.ha\Documents\Dev\ScanChain\scan-chain-api\host\B39.ScanChain.HttpApi\Middlewares\ExceptionHandlingMiddleware.cs:line 15
2025-08-12 00:37:33.160 +07:00 [ERR] An unhandled exception has occurred while executing the request.
System.NotSupportedException: Serialization and deserialization of 'System.Type' instances is not supported. Path: $.HttpContext.Features.Key.
 ---> System.NotSupportedException: Serialization and deserialization of 'System.Type' instances is not supported.
   at System.Text.Json.Serialization.Converters.UnsupportedTypeConverter`1.Write(Utf8JsonWriter writer, T value, JsonSerializerOptions options)
   at System.Text.Json.Serialization.JsonConverter`1.TryWrite(Utf8JsonWriter writer, T& value, JsonSerializerOptions options, WriteStack& state)
   at System.Text.Json.Serialization.Metadata.JsonPropertyInfo`1.GetMemberAndWriteJson(Object obj, WriteStack& state, Utf8JsonWriter writer)
   at System.Text.Json.Serialization.Converters.ObjectDefaultConverter`1.OnTryWrite(Utf8JsonWriter writer, T value, JsonSerializerOptions options, WriteStack& state)
   at System.Text.Json.Serialization.JsonConverter`1.TryWrite(Utf8JsonWriter writer, T& value, JsonSerializerOptions options, WriteStack& state)
   at System.Text.Json.Serialization.Converters.IEnumerableDefaultConverter`2.OnWriteResume(Utf8JsonWriter writer, TCollection value, JsonSerializerOptions options, WriteStack& state)
   at System.Text.Json.Serialization.JsonCollectionConverter`2.OnTryWrite(Utf8JsonWriter writer, TCollection value, JsonSerializerOptions options, WriteStack& state)
   at System.Text.Json.Serialization.JsonConverter`1.TryWrite(Utf8JsonWriter writer, T& value, JsonSerializerOptions options, WriteStack& state)
   at System.Text.Json.Serialization.Metadata.JsonPropertyInfo`1.GetMemberAndWriteJson(Object obj, WriteStack& state, Utf8JsonWriter writer)
   at System.Text.Json.Serialization.Converters.ObjectDefaultConverter`1.OnTryWrite(Utf8JsonWriter writer, T value, JsonSerializerOptions options, WriteStack& state)
   at System.Text.Json.Serialization.JsonConverter`1.TryWrite(Utf8JsonWriter writer, T& value, JsonSerializerOptions options, WriteStack& state)
   at System.Text.Json.Serialization.Metadata.JsonPropertyInfo`1.GetMemberAndWriteJson(Object obj, WriteStack& state, Utf8JsonWriter writer)
   at System.Text.Json.Serialization.Converters.ObjectDefaultConverter`1.OnTryWrite(Utf8JsonWriter writer, T value, JsonSerializerOptions options, WriteStack& state)
   at System.Text.Json.Serialization.JsonConverter`1.TryWrite(Utf8JsonWriter writer, T& value, JsonSerializerOptions options, WriteStack& state)
   at System.Text.Json.Serialization.JsonConverter`1.WriteCore(Utf8JsonWriter writer, T& value, JsonSerializerOptions options, WriteStack& state)
   --- End of inner exception stack trace ---
   at System.Text.Json.ThrowHelper.ThrowNotSupportedException(WriteStack& state, NotSupportedException ex)
   at System.Text.Json.Serialization.JsonConverter`1.WriteCore(Utf8JsonWriter writer, T& value, JsonSerializerOptions options, WriteStack& state)
   at System.Text.Json.Serialization.Metadata.JsonTypeInfo`1.SerializeAsync(Stream utf8Json, T rootValue, CancellationToken cancellationToken, Object rootValueBoxed)
   at System.Text.Json.Serialization.Metadata.JsonTypeInfo`1.SerializeAsync(Stream utf8Json, T rootValue, CancellationToken cancellationToken, Object rootValueBoxed)
   at System.Text.Json.Serialization.Metadata.JsonTypeInfo`1.SerializeAsync(Stream utf8Json, T rootValue, CancellationToken cancellationToken, Object rootValueBoxed)
   at Microsoft.AspNetCore.Http.HttpResponseJsonExtensions.WriteAsJsonAsyncSlow[TValue](Stream body, TValue value, JsonSerializerOptions options, CancellationToken cancellationToken)
   at B39.ScanChain.HttpApi.Middlewares.ExceptionHandlingMiddleware.Invoke(HttpContext context) in C:\Users\luong.ha\Documents\Dev\ScanChain\scan-chain-api\host\B39.ScanChain.HttpApi\Middlewares\ExceptionHandlingMiddleware.cs:line 36
   at Swashbuckle.AspNetCore.SwaggerUI.SwaggerUIMiddleware.Invoke(HttpContext httpContext)
   at Swashbuckle.AspNetCore.Swagger.SwaggerMiddleware.Invoke(HttpContext httpContext, ISwaggerProvider swaggerProvider)
   at Microsoft.AspNetCore.Diagnostics.DeveloperExceptionPageMiddlewareImpl.Invoke(HttpContext context)
2025-08-12 00:38:22.993 +07:00 [ERR] Unhandled exception occurred while processing request: /api/wallet/info
Refit.ApiException: Response status code does not indicate success: 404 (Not Found).
   at Refit.RequestBuilderImplementation.<>c__DisplayClass15_0`2.<<BuildCancellableTaskFuncForMethod>b__0>d.MoveNext() in c:\temp\releaser\refit\Refit\RequestBuilderImplementation.cs:line 384
--- End of stack trace from previous location ---
   at Refit.Implementation.Generated.B39ScanChainApplicationInterfacesWalletIMoralisWalletApi.global::B39.ScanChain.Application.Interfaces.Wallet.IMoralisWalletApi.GetBalanceAsync(String address) in C:\Users\luong.ha\Documents\Dev\ScanChain\scan-chain-api\source\B39.ScanChain.Application\obj\Debug\net8.0\InterfaceStubGeneratorV2\Refit.Generator.InterfaceStubGeneratorV2\IMoralisWalletApi.g.cs:line 61
   at B39.ScanChain.Application.CQRS.Queries.GetOneUserHandler.Handle(GetWalletInfoQuery request, CancellationToken cancellationToken) in C:\Users\luong.ha\Documents\Dev\ScanChain\scan-chain-api\source\B39.ScanChain.Application\CQRS\Queries\GetWalletInfoQuery.cs:line 38
   at B39.ScanChain.Application.Extensions.EndpointExtension.<>c__1`2.<<MapGet>b__1_0>d.MoveNext() in C:\Users\luong.ha\Documents\Dev\ScanChain\scan-chain-api\source\B39.ScanChain.Application\Extensions\EndpointExtension.cs:line 27
--- End of stack trace from previous location ---
   at Microsoft.AspNetCore.Http.RequestDelegateFactory.<ExecuteTaskOfT>g__ExecuteAwaited|133_0[T](Task`1 task, HttpContext httpContext, JsonTypeInfo`1 jsonTypeInfo)
   at Microsoft.AspNetCore.Authorization.AuthorizationMiddleware.Invoke(HttpContext context)
   at Microsoft.AspNetCore.Authentication.AuthenticationMiddleware.Invoke(HttpContext context)
   at B39.ScanChain.HttpApi.Middlewares.ExceptionHandlingMiddleware.Invoke(HttpContext context) in C:\Users\luong.ha\Documents\Dev\ScanChain\scan-chain-api\host\B39.ScanChain.HttpApi\Middlewares\ExceptionHandlingMiddleware.cs:line 15
2025-08-12 00:38:23.019 +07:00 [ERR] An unhandled exception has occurred while executing the request.
System.NotSupportedException: Serialization and deserialization of 'System.Type' instances is not supported. Path: $.HttpContext.Features.Key.
 ---> System.NotSupportedException: Serialization and deserialization of 'System.Type' instances is not supported.
   at System.Text.Json.Serialization.Converters.UnsupportedTypeConverter`1.Write(Utf8JsonWriter writer, T value, JsonSerializerOptions options)
   at System.Text.Json.Serialization.JsonConverter`1.TryWrite(Utf8JsonWriter writer, T& value, JsonSerializerOptions options, WriteStack& state)
   at System.Text.Json.Serialization.Metadata.JsonPropertyInfo`1.GetMemberAndWriteJson(Object obj, WriteStack& state, Utf8JsonWriter writer)
   at System.Text.Json.Serialization.Converters.ObjectDefaultConverter`1.OnTryWrite(Utf8JsonWriter writer, T value, JsonSerializerOptions options, WriteStack& state)
   at System.Text.Json.Serialization.JsonConverter`1.TryWrite(Utf8JsonWriter writer, T& value, JsonSerializerOptions options, WriteStack& state)
   at System.Text.Json.Serialization.Converters.IEnumerableDefaultConverter`2.OnWriteResume(Utf8JsonWriter writer, TCollection value, JsonSerializerOptions options, WriteStack& state)
   at System.Text.Json.Serialization.JsonCollectionConverter`2.OnTryWrite(Utf8JsonWriter writer, TCollection value, JsonSerializerOptions options, WriteStack& state)
   at System.Text.Json.Serialization.JsonConverter`1.TryWrite(Utf8JsonWriter writer, T& value, JsonSerializerOptions options, WriteStack& state)
   at System.Text.Json.Serialization.Metadata.JsonPropertyInfo`1.GetMemberAndWriteJson(Object obj, WriteStack& state, Utf8JsonWriter writer)
   at System.Text.Json.Serialization.Converters.ObjectDefaultConverter`1.OnTryWrite(Utf8JsonWriter writer, T value, JsonSerializerOptions options, WriteStack& state)
   at System.Text.Json.Serialization.JsonConverter`1.TryWrite(Utf8JsonWriter writer, T& value, JsonSerializerOptions options, WriteStack& state)
   at System.Text.Json.Serialization.Metadata.JsonPropertyInfo`1.GetMemberAndWriteJson(Object obj, WriteStack& state, Utf8JsonWriter writer)
   at System.Text.Json.Serialization.Converters.ObjectDefaultConverter`1.OnTryWrite(Utf8JsonWriter writer, T value, JsonSerializerOptions options, WriteStack& state)
   at System.Text.Json.Serialization.JsonConverter`1.TryWrite(Utf8JsonWriter writer, T& value, JsonSerializerOptions options, WriteStack& state)
   at System.Text.Json.Serialization.JsonConverter`1.WriteCore(Utf8JsonWriter writer, T& value, JsonSerializerOptions options, WriteStack& state)
   --- End of inner exception stack trace ---
   at System.Text.Json.ThrowHelper.ThrowNotSupportedException(WriteStack& state, NotSupportedException ex)
   at System.Text.Json.Serialization.JsonConverter`1.WriteCore(Utf8JsonWriter writer, T& value, JsonSerializerOptions options, WriteStack& state)
   at System.Text.Json.Serialization.Metadata.JsonTypeInfo`1.SerializeAsync(Stream utf8Json, T rootValue, CancellationToken cancellationToken, Object rootValueBoxed)
   at System.Text.Json.Serialization.Metadata.JsonTypeInfo`1.SerializeAsync(Stream utf8Json, T rootValue, CancellationToken cancellationToken, Object rootValueBoxed)
   at System.Text.Json.Serialization.Metadata.JsonTypeInfo`1.SerializeAsync(Stream utf8Json, T rootValue, CancellationToken cancellationToken, Object rootValueBoxed)
   at Microsoft.AspNetCore.Http.HttpResponseJsonExtensions.WriteAsJsonAsyncSlow[TValue](Stream body, TValue value, JsonSerializerOptions options, CancellationToken cancellationToken)
   at B39.ScanChain.HttpApi.Middlewares.ExceptionHandlingMiddleware.Invoke(HttpContext context) in C:\Users\luong.ha\Documents\Dev\ScanChain\scan-chain-api\host\B39.ScanChain.HttpApi\Middlewares\ExceptionHandlingMiddleware.cs:line 36
   at Swashbuckle.AspNetCore.SwaggerUI.SwaggerUIMiddleware.Invoke(HttpContext httpContext)
   at Swashbuckle.AspNetCore.Swagger.SwaggerMiddleware.Invoke(HttpContext httpContext, ISwaggerProvider swaggerProvider)
   at Microsoft.AspNetCore.Diagnostics.DeveloperExceptionPageMiddlewareImpl.Invoke(HttpContext context)
2025-08-12 00:55:21.902 +07:00 [ERR] Unhandled exception occurred while processing request: /api/wallet/info
Refit.ApiException: Response status code does not indicate success: 404 (Not Found).
   at Refit.RequestBuilderImplementation.<>c__DisplayClass15_0`2.<<BuildCancellableTaskFuncForMethod>b__0>d.MoveNext() in c:\temp\releaser\refit\Refit\RequestBuilderImplementation.cs:line 384
--- End of stack trace from previous location ---
   at Refit.Implementation.Generated.B39ScanChainApplicationInterfacesWalletIMoralisWalletApi.global::B39.ScanChain.Application.Interfaces.Wallet.IMoralisWalletApi.GetBalanceAsync(String address) in C:\Users\luong.ha\Documents\Dev\ScanChain\scan-chain-api\source\B39.ScanChain.Application\obj\Debug\net8.0\InterfaceStubGeneratorV2\Refit.Generator.InterfaceStubGeneratorV2\IMoralisWalletApi.g.cs:line 61
   at B39.ScanChain.Application.CQRS.Queries.GetOneUserHandler.Handle(GetWalletInfoQuery request, CancellationToken cancellationToken) in C:\Users\luong.ha\Documents\Dev\ScanChain\scan-chain-api\source\B39.ScanChain.Application\CQRS\Queries\GetWalletInfoQuery.cs:line 38
   at B39.ScanChain.Application.Extensions.EndpointExtension.<>c__1`2.<<MapGet>b__1_0>d.MoveNext() in C:\Users\luong.ha\Documents\Dev\ScanChain\scan-chain-api\source\B39.ScanChain.Application\Extensions\EndpointExtension.cs:line 27
--- End of stack trace from previous location ---
   at Microsoft.AspNetCore.Http.RequestDelegateFactory.<ExecuteTaskOfT>g__ExecuteAwaited|133_0[T](Task`1 task, HttpContext httpContext, JsonTypeInfo`1 jsonTypeInfo)
   at Microsoft.AspNetCore.Authorization.AuthorizationMiddleware.Invoke(HttpContext context)
   at Microsoft.AspNetCore.Authentication.AuthenticationMiddleware.Invoke(HttpContext context)
   at B39.ScanChain.HttpApi.Middlewares.ExceptionHandlingMiddleware.Invoke(HttpContext context) in C:\Users\luong.ha\Documents\Dev\ScanChain\scan-chain-api\host\B39.ScanChain.HttpApi\Middlewares\ExceptionHandlingMiddleware.cs:line 15
2025-08-12 00:55:22.009 +07:00 [ERR] An unhandled exception has occurred while executing the request.
System.NotSupportedException: Serialization and deserialization of 'System.Type' instances is not supported. Path: $.HttpContext.Features.Key.
 ---> System.NotSupportedException: Serialization and deserialization of 'System.Type' instances is not supported.
   at System.Text.Json.Serialization.Converters.UnsupportedTypeConverter`1.Write(Utf8JsonWriter writer, T value, JsonSerializerOptions options)
   at System.Text.Json.Serialization.JsonConverter`1.TryWrite(Utf8JsonWriter writer, T& value, JsonSerializerOptions options, WriteStack& state)
   at System.Text.Json.Serialization.Metadata.JsonPropertyInfo`1.GetMemberAndWriteJson(Object obj, WriteStack& state, Utf8JsonWriter writer)
   at System.Text.Json.Serialization.Converters.ObjectDefaultConverter`1.OnTryWrite(Utf8JsonWriter writer, T value, JsonSerializerOptions options, WriteStack& state)
   at System.Text.Json.Serialization.JsonConverter`1.TryWrite(Utf8JsonWriter writer, T& value, JsonSerializerOptions options, WriteStack& state)
   at System.Text.Json.Serialization.Converters.IEnumerableDefaultConverter`2.OnWriteResume(Utf8JsonWriter writer, TCollection value, JsonSerializerOptions options, WriteStack& state)
   at System.Text.Json.Serialization.JsonCollectionConverter`2.OnTryWrite(Utf8JsonWriter writer, TCollection value, JsonSerializerOptions options, WriteStack& state)
   at System.Text.Json.Serialization.JsonConverter`1.TryWrite(Utf8JsonWriter writer, T& value, JsonSerializerOptions options, WriteStack& state)
   at System.Text.Json.Serialization.Metadata.JsonPropertyInfo`1.GetMemberAndWriteJson(Object obj, WriteStack& state, Utf8JsonWriter writer)
   at System.Text.Json.Serialization.Converters.ObjectDefaultConverter`1.OnTryWrite(Utf8JsonWriter writer, T value, JsonSerializerOptions options, WriteStack& state)
   at System.Text.Json.Serialization.JsonConverter`1.TryWrite(Utf8JsonWriter writer, T& value, JsonSerializerOptions options, WriteStack& state)
   at System.Text.Json.Serialization.Metadata.JsonPropertyInfo`1.GetMemberAndWriteJson(Object obj, WriteStack& state, Utf8JsonWriter writer)
   at System.Text.Json.Serialization.Converters.ObjectDefaultConverter`1.OnTryWrite(Utf8JsonWriter writer, T value, JsonSerializerOptions options, WriteStack& state)
   at System.Text.Json.Serialization.JsonConverter`1.TryWrite(Utf8JsonWriter writer, T& value, JsonSerializerOptions options, WriteStack& state)
   at System.Text.Json.Serialization.JsonConverter`1.WriteCore(Utf8JsonWriter writer, T& value, JsonSerializerOptions options, WriteStack& state)
   --- End of inner exception stack trace ---
   at System.Text.Json.ThrowHelper.ThrowNotSupportedException(WriteStack& state, NotSupportedException ex)
   at System.Text.Json.Serialization.JsonConverter`1.WriteCore(Utf8JsonWriter writer, T& value, JsonSerializerOptions options, WriteStack& state)
   at System.Text.Json.Serialization.Metadata.JsonTypeInfo`1.SerializeAsync(Stream utf8Json, T rootValue, CancellationToken cancellationToken, Object rootValueBoxed)
   at System.Text.Json.Serialization.Metadata.JsonTypeInfo`1.SerializeAsync(Stream utf8Json, T rootValue, CancellationToken cancellationToken, Object rootValueBoxed)
   at System.Text.Json.Serialization.Metadata.JsonTypeInfo`1.SerializeAsync(Stream utf8Json, T rootValue, CancellationToken cancellationToken, Object rootValueBoxed)
   at Microsoft.AspNetCore.Http.HttpResponseJsonExtensions.WriteAsJsonAsyncSlow[TValue](Stream body, TValue value, JsonSerializerOptions options, CancellationToken cancellationToken)
   at B39.ScanChain.HttpApi.Middlewares.ExceptionHandlingMiddleware.Invoke(HttpContext context) in C:\Users\luong.ha\Documents\Dev\ScanChain\scan-chain-api\host\B39.ScanChain.HttpApi\Middlewares\ExceptionHandlingMiddleware.cs:line 36
   at Swashbuckle.AspNetCore.SwaggerUI.SwaggerUIMiddleware.Invoke(HttpContext httpContext)
   at Swashbuckle.AspNetCore.Swagger.SwaggerMiddleware.Invoke(HttpContext httpContext, ISwaggerProvider swaggerProvider)
   at Microsoft.AspNetCore.Diagnostics.DeveloperExceptionPageMiddlewareImpl.Invoke(HttpContext context)
2025-08-12 00:56:26.613 +07:00 [ERR] Unhandled exception occurred while processing request: /api/wallet/info
Refit.ApiException: Response status code does not indicate success: 404 (Not Found).
   at Refit.RequestBuilderImplementation.<>c__DisplayClass15_0`2.<<BuildCancellableTaskFuncForMethod>b__0>d.MoveNext() in c:\temp\releaser\refit\Refit\RequestBuilderImplementation.cs:line 384
--- End of stack trace from previous location ---
   at Refit.Implementation.Generated.B39ScanChainApplicationInterfacesWalletIMoralisWalletApi.global::B39.ScanChain.Application.Interfaces.Wallet.IMoralisWalletApi.GetBalanceAsync(String address) in C:\Users\luong.ha\Documents\Dev\ScanChain\scan-chain-api\source\B39.ScanChain.Application\obj\Debug\net8.0\InterfaceStubGeneratorV2\Refit.Generator.InterfaceStubGeneratorV2\IMoralisWalletApi.g.cs:line 61
   at B39.ScanChain.Application.CQRS.Queries.GetOneUserHandler.Handle(GetWalletInfoQuery request, CancellationToken cancellationToken) in C:\Users\luong.ha\Documents\Dev\ScanChain\scan-chain-api\source\B39.ScanChain.Application\CQRS\Queries\GetWalletInfoQuery.cs:line 38
   at B39.ScanChain.Application.Extensions.EndpointExtension.<>c__1`2.<<MapGet>b__1_0>d.MoveNext() in C:\Users\luong.ha\Documents\Dev\ScanChain\scan-chain-api\source\B39.ScanChain.Application\Extensions\EndpointExtension.cs:line 27
--- End of stack trace from previous location ---
   at Microsoft.AspNetCore.Http.RequestDelegateFactory.<ExecuteTaskOfT>g__ExecuteAwaited|133_0[T](Task`1 task, HttpContext httpContext, JsonTypeInfo`1 jsonTypeInfo)
   at Microsoft.AspNetCore.Authorization.AuthorizationMiddleware.Invoke(HttpContext context)
   at Microsoft.AspNetCore.Authentication.AuthenticationMiddleware.Invoke(HttpContext context)
   at B39.ScanChain.HttpApi.Middlewares.ExceptionHandlingMiddleware.Invoke(HttpContext context) in C:\Users\luong.ha\Documents\Dev\ScanChain\scan-chain-api\host\B39.ScanChain.HttpApi\Middlewares\ExceptionHandlingMiddleware.cs:line 15
2025-08-12 00:56:26.642 +07:00 [ERR] An unhandled exception has occurred while executing the request.
System.NotSupportedException: Serialization and deserialization of 'System.Type' instances is not supported. Path: $.HttpContext.Features.Key.
 ---> System.NotSupportedException: Serialization and deserialization of 'System.Type' instances is not supported.
   at System.Text.Json.Serialization.Converters.UnsupportedTypeConverter`1.Write(Utf8JsonWriter writer, T value, JsonSerializerOptions options)
   at System.Text.Json.Serialization.JsonConverter`1.TryWrite(Utf8JsonWriter writer, T& value, JsonSerializerOptions options, WriteStack& state)
   at System.Text.Json.Serialization.Metadata.JsonPropertyInfo`1.GetMemberAndWriteJson(Object obj, WriteStack& state, Utf8JsonWriter writer)
   at System.Text.Json.Serialization.Converters.ObjectDefaultConverter`1.OnTryWrite(Utf8JsonWriter writer, T value, JsonSerializerOptions options, WriteStack& state)
   at System.Text.Json.Serialization.JsonConverter`1.TryWrite(Utf8JsonWriter writer, T& value, JsonSerializerOptions options, WriteStack& state)
   at System.Text.Json.Serialization.Converters.IEnumerableDefaultConverter`2.OnWriteResume(Utf8JsonWriter writer, TCollection value, JsonSerializerOptions options, WriteStack& state)
   at System.Text.Json.Serialization.JsonCollectionConverter`2.OnTryWrite(Utf8JsonWriter writer, TCollection value, JsonSerializerOptions options, WriteStack& state)
   at System.Text.Json.Serialization.JsonConverter`1.TryWrite(Utf8JsonWriter writer, T& value, JsonSerializerOptions options, WriteStack& state)
   at System.Text.Json.Serialization.Metadata.JsonPropertyInfo`1.GetMemberAndWriteJson(Object obj, WriteStack& state, Utf8JsonWriter writer)
   at System.Text.Json.Serialization.Converters.ObjectDefaultConverter`1.OnTryWrite(Utf8JsonWriter writer, T value, JsonSerializerOptions options, WriteStack& state)
   at System.Text.Json.Serialization.JsonConverter`1.TryWrite(Utf8JsonWriter writer, T& value, JsonSerializerOptions options, WriteStack& state)
   at System.Text.Json.Serialization.Metadata.JsonPropertyInfo`1.GetMemberAndWriteJson(Object obj, WriteStack& state, Utf8JsonWriter writer)
   at System.Text.Json.Serialization.Converters.ObjectDefaultConverter`1.OnTryWrite(Utf8JsonWriter writer, T value, JsonSerializerOptions options, WriteStack& state)
   at System.Text.Json.Serialization.JsonConverter`1.TryWrite(Utf8JsonWriter writer, T& value, JsonSerializerOptions options, WriteStack& state)
   at System.Text.Json.Serialization.JsonConverter`1.WriteCore(Utf8JsonWriter writer, T& value, JsonSerializerOptions options, WriteStack& state)
   --- End of inner exception stack trace ---
   at System.Text.Json.ThrowHelper.ThrowNotSupportedException(WriteStack& state, NotSupportedException ex)
   at System.Text.Json.Serialization.JsonConverter`1.WriteCore(Utf8JsonWriter writer, T& value, JsonSerializerOptions options, WriteStack& state)
   at System.Text.Json.Serialization.Metadata.JsonTypeInfo`1.SerializeAsync(Stream utf8Json, T rootValue, CancellationToken cancellationToken, Object rootValueBoxed)
   at System.Text.Json.Serialization.Metadata.JsonTypeInfo`1.SerializeAsync(Stream utf8Json, T rootValue, CancellationToken cancellationToken, Object rootValueBoxed)
   at System.Text.Json.Serialization.Metadata.JsonTypeInfo`1.SerializeAsync(Stream utf8Json, T rootValue, CancellationToken cancellationToken, Object rootValueBoxed)
   at Microsoft.AspNetCore.Http.HttpResponseJsonExtensions.WriteAsJsonAsyncSlow[TValue](Stream body, TValue value, JsonSerializerOptions options, CancellationToken cancellationToken)
   at B39.ScanChain.HttpApi.Middlewares.ExceptionHandlingMiddleware.Invoke(HttpContext context) in C:\Users\luong.ha\Documents\Dev\ScanChain\scan-chain-api\host\B39.ScanChain.HttpApi\Middlewares\ExceptionHandlingMiddleware.cs:line 36
   at Swashbuckle.AspNetCore.SwaggerUI.SwaggerUIMiddleware.Invoke(HttpContext httpContext)
   at Swashbuckle.AspNetCore.Swagger.SwaggerMiddleware.Invoke(HttpContext httpContext, ISwaggerProvider swaggerProvider)
   at Microsoft.AspNetCore.Diagnostics.DeveloperExceptionPageMiddlewareImpl.Invoke(HttpContext context)
2025-08-12 02:47:14.765 +07:00 [ERR] Unhandled exception occurred while processing request: /api/wallet/info
AutoMapper.AutoMapperMappingException: Missing type map configuration or unsupported mapping.

Mapping types:
WalletResponseModel -> WalletInfo
B39.ScanChain.Infrastructure.Models.Wallet.WalletResponseModel -> B39.ScanChain.Domain.Entities.Wallet.WalletInfo
   at lambda_method4(Closure, Object, WalletInfo, ResolutionContext)
   at B39.ScanChain.Infrastructure.Repositories.MoralisWalletRepository.GetNativeAndErc20AndTokenBalance(String address) in C:\Users\luong.ha\Documents\Dev\ScanChain\scan-chain-api\source\B39.ScanChain.Infrastructure\Repositories\MoralisWalletRepository.cs:line 14
   at B39.ScanChain.Application.CQRS.Queries.GetOneUserHandler.Handle(GetWalletInfoQuery request, CancellationToken cancellationToken) in C:\Users\luong.ha\Documents\Dev\ScanChain\scan-chain-api\source\B39.ScanChain.Application\CQRS\Queries\GetWalletInfoQuery.cs:line 39
   at B39.ScanChain.Application.Extensions.EndpointExtension.<>c__1`2.<<MapGet>b__1_0>d.MoveNext() in C:\Users\luong.ha\Documents\Dev\ScanChain\scan-chain-api\source\B39.ScanChain.Application\Extensions\EndpointExtension.cs:line 27
--- End of stack trace from previous location ---
   at Microsoft.AspNetCore.Http.RequestDelegateFactory.<ExecuteTaskOfT>g__ExecuteAwaited|133_0[T](Task`1 task, HttpContext httpContext, JsonTypeInfo`1 jsonTypeInfo)
   at Microsoft.AspNetCore.Authorization.AuthorizationMiddleware.Invoke(HttpContext context)
   at Microsoft.AspNetCore.Authentication.AuthenticationMiddleware.Invoke(HttpContext context)
   at B39.ScanChain.HttpApi.Middlewares.ExceptionHandlingMiddleware.Invoke(HttpContext context) in C:\Users\luong.ha\Documents\Dev\ScanChain\scan-chain-api\host\B39.ScanChain.HttpApi\Middlewares\ExceptionHandlingMiddleware.cs:line 15
2025-08-12 02:47:14.865 +07:00 [ERR] An unhandled exception has occurred while executing the request.
System.NotSupportedException: Serialization and deserialization of 'System.Type' instances is not supported. Path: $.HttpContext.Features.Key.
 ---> System.NotSupportedException: Serialization and deserialization of 'System.Type' instances is not supported.
   at System.Text.Json.Serialization.Converters.UnsupportedTypeConverter`1.Write(Utf8JsonWriter writer, T value, JsonSerializerOptions options)
   at System.Text.Json.Serialization.JsonConverter`1.TryWrite(Utf8JsonWriter writer, T& value, JsonSerializerOptions options, WriteStack& state)
   at System.Text.Json.Serialization.Metadata.JsonPropertyInfo`1.GetMemberAndWriteJson(Object obj, WriteStack& state, Utf8JsonWriter writer)
   at System.Text.Json.Serialization.Converters.ObjectDefaultConverter`1.OnTryWrite(Utf8JsonWriter writer, T value, JsonSerializerOptions options, WriteStack& state)
   at System.Text.Json.Serialization.JsonConverter`1.TryWrite(Utf8JsonWriter writer, T& value, JsonSerializerOptions options, WriteStack& state)
   at System.Text.Json.Serialization.Converters.IEnumerableDefaultConverter`2.OnWriteResume(Utf8JsonWriter writer, TCollection value, JsonSerializerOptions options, WriteStack& state)
   at System.Text.Json.Serialization.JsonCollectionConverter`2.OnTryWrite(Utf8JsonWriter writer, TCollection value, JsonSerializerOptions options, WriteStack& state)
   at System.Text.Json.Serialization.JsonConverter`1.TryWrite(Utf8JsonWriter writer, T& value, JsonSerializerOptions options, WriteStack& state)
   at System.Text.Json.Serialization.Metadata.JsonPropertyInfo`1.GetMemberAndWriteJson(Object obj, WriteStack& state, Utf8JsonWriter writer)
   at System.Text.Json.Serialization.Converters.ObjectDefaultConverter`1.OnTryWrite(Utf8JsonWriter writer, T value, JsonSerializerOptions options, WriteStack& state)
   at System.Text.Json.Serialization.JsonConverter`1.TryWrite(Utf8JsonWriter writer, T& value, JsonSerializerOptions options, WriteStack& state)
   at System.Text.Json.Serialization.Metadata.JsonPropertyInfo`1.GetMemberAndWriteJson(Object obj, WriteStack& state, Utf8JsonWriter writer)
   at System.Text.Json.Serialization.Converters.ObjectDefaultConverter`1.OnTryWrite(Utf8JsonWriter writer, T value, JsonSerializerOptions options, WriteStack& state)
   at System.Text.Json.Serialization.JsonConverter`1.TryWrite(Utf8JsonWriter writer, T& value, JsonSerializerOptions options, WriteStack& state)
   at System.Text.Json.Serialization.JsonConverter`1.WriteCore(Utf8JsonWriter writer, T& value, JsonSerializerOptions options, WriteStack& state)
   --- End of inner exception stack trace ---
   at System.Text.Json.ThrowHelper.ThrowNotSupportedException(WriteStack& state, NotSupportedException ex)
   at System.Text.Json.Serialization.JsonConverter`1.WriteCore(Utf8JsonWriter writer, T& value, JsonSerializerOptions options, WriteStack& state)
   at System.Text.Json.Serialization.Metadata.JsonTypeInfo`1.SerializeAsync(Stream utf8Json, T rootValue, CancellationToken cancellationToken, Object rootValueBoxed)
   at System.Text.Json.Serialization.Metadata.JsonTypeInfo`1.SerializeAsync(Stream utf8Json, T rootValue, CancellationToken cancellationToken, Object rootValueBoxed)
   at System.Text.Json.Serialization.Metadata.JsonTypeInfo`1.SerializeAsync(Stream utf8Json, T rootValue, CancellationToken cancellationToken, Object rootValueBoxed)
   at Microsoft.AspNetCore.Http.HttpResponseJsonExtensions.WriteAsJsonAsyncSlow[TValue](Stream body, TValue value, JsonSerializerOptions options, CancellationToken cancellationToken)
   at B39.ScanChain.HttpApi.Middlewares.ExceptionHandlingMiddleware.Invoke(HttpContext context) in C:\Users\luong.ha\Documents\Dev\ScanChain\scan-chain-api\host\B39.ScanChain.HttpApi\Middlewares\ExceptionHandlingMiddleware.cs:line 36
   at Swashbuckle.AspNetCore.SwaggerUI.SwaggerUIMiddleware.Invoke(HttpContext httpContext)
   at Swashbuckle.AspNetCore.Swagger.SwaggerMiddleware.Invoke(HttpContext httpContext, ISwaggerProvider swaggerProvider)
   at Microsoft.AspNetCore.Diagnostics.DeveloperExceptionPageMiddlewareImpl.Invoke(HttpContext context)
2025-08-12 02:48:47.783 +07:00 [ERR] Unhandled exception occurred while processing request: /api/wallet/info
AutoMapper.AutoMapperMappingException: Missing type map configuration or unsupported mapping.

Mapping types:
WalletResponseModel -> WalletInfo
B39.ScanChain.Infrastructure.Models.Wallet.WalletResponseModel -> B39.ScanChain.Domain.Entities.Wallet.WalletInfo
   at lambda_method4(Closure, Object, WalletInfo, ResolutionContext)
   at B39.ScanChain.Infrastructure.Repositories.MoralisWalletRepository.GetNativeAndErc20AndTokenBalance(String address) in C:\Users\luong.ha\Documents\Dev\ScanChain\scan-chain-api\source\B39.ScanChain.Infrastructure\Repositories\MoralisWalletRepository.cs:line 14
   at B39.ScanChain.Application.CQRS.Queries.GetOneUserHandler.Handle(GetWalletInfoQuery request, CancellationToken cancellationToken) in C:\Users\luong.ha\Documents\Dev\ScanChain\scan-chain-api\source\B39.ScanChain.Application\CQRS\Queries\GetWalletInfoQuery.cs:line 39
   at B39.ScanChain.Application.Extensions.EndpointExtension.<>c__1`2.<<MapGet>b__1_0>d.MoveNext() in C:\Users\luong.ha\Documents\Dev\ScanChain\scan-chain-api\source\B39.ScanChain.Application\Extensions\EndpointExtension.cs:line 27
--- End of stack trace from previous location ---
   at Microsoft.AspNetCore.Http.RequestDelegateFactory.<ExecuteTaskOfT>g__ExecuteAwaited|133_0[T](Task`1 task, HttpContext httpContext, JsonTypeInfo`1 jsonTypeInfo)
   at Microsoft.AspNetCore.Authorization.AuthorizationMiddleware.Invoke(HttpContext context)
   at Microsoft.AspNetCore.Authentication.AuthenticationMiddleware.Invoke(HttpContext context)
   at B39.ScanChain.HttpApi.Middlewares.ExceptionHandlingMiddleware.Invoke(HttpContext context) in C:\Users\luong.ha\Documents\Dev\ScanChain\scan-chain-api\host\B39.ScanChain.HttpApi\Middlewares\ExceptionHandlingMiddleware.cs:line 15
2025-08-12 02:48:47.893 +07:00 [ERR] An unhandled exception has occurred while executing the request.
System.NotSupportedException: Serialization and deserialization of 'System.Type' instances is not supported. Path: $.HttpContext.Features.Key.
 ---> System.NotSupportedException: Serialization and deserialization of 'System.Type' instances is not supported.
   at System.Text.Json.Serialization.Converters.UnsupportedTypeConverter`1.Write(Utf8JsonWriter writer, T value, JsonSerializerOptions options)
   at System.Text.Json.Serialization.JsonConverter`1.TryWrite(Utf8JsonWriter writer, T& value, JsonSerializerOptions options, WriteStack& state)
   at System.Text.Json.Serialization.Metadata.JsonPropertyInfo`1.GetMemberAndWriteJson(Object obj, WriteStack& state, Utf8JsonWriter writer)
   at System.Text.Json.Serialization.Converters.ObjectDefaultConverter`1.OnTryWrite(Utf8JsonWriter writer, T value, JsonSerializerOptions options, WriteStack& state)
   at System.Text.Json.Serialization.JsonConverter`1.TryWrite(Utf8JsonWriter writer, T& value, JsonSerializerOptions options, WriteStack& state)
   at System.Text.Json.Serialization.Converters.IEnumerableDefaultConverter`2.OnWriteResume(Utf8JsonWriter writer, TCollection value, JsonSerializerOptions options, WriteStack& state)
   at System.Text.Json.Serialization.JsonCollectionConverter`2.OnTryWrite(Utf8JsonWriter writer, TCollection value, JsonSerializerOptions options, WriteStack& state)
   at System.Text.Json.Serialization.JsonConverter`1.TryWrite(Utf8JsonWriter writer, T& value, JsonSerializerOptions options, WriteStack& state)
   at System.Text.Json.Serialization.Metadata.JsonPropertyInfo`1.GetMemberAndWriteJson(Object obj, WriteStack& state, Utf8JsonWriter writer)
   at System.Text.Json.Serialization.Converters.ObjectDefaultConverter`1.OnTryWrite(Utf8JsonWriter writer, T value, JsonSerializerOptions options, WriteStack& state)
   at System.Text.Json.Serialization.JsonConverter`1.TryWrite(Utf8JsonWriter writer, T& value, JsonSerializerOptions options, WriteStack& state)
   at System.Text.Json.Serialization.Metadata.JsonPropertyInfo`1.GetMemberAndWriteJson(Object obj, WriteStack& state, Utf8JsonWriter writer)
   at System.Text.Json.Serialization.Converters.ObjectDefaultConverter`1.OnTryWrite(Utf8JsonWriter writer, T value, JsonSerializerOptions options, WriteStack& state)
   at System.Text.Json.Serialization.JsonConverter`1.TryWrite(Utf8JsonWriter writer, T& value, JsonSerializerOptions options, WriteStack& state)
   at System.Text.Json.Serialization.JsonConverter`1.WriteCore(Utf8JsonWriter writer, T& value, JsonSerializerOptions options, WriteStack& state)
   --- End of inner exception stack trace ---
   at System.Text.Json.ThrowHelper.ThrowNotSupportedException(WriteStack& state, NotSupportedException ex)
   at System.Text.Json.Serialization.JsonConverter`1.WriteCore(Utf8JsonWriter writer, T& value, JsonSerializerOptions options, WriteStack& state)
   at System.Text.Json.Serialization.Metadata.JsonTypeInfo`1.SerializeAsync(Stream utf8Json, T rootValue, CancellationToken cancellationToken, Object rootValueBoxed)
   at System.Text.Json.Serialization.Metadata.JsonTypeInfo`1.SerializeAsync(Stream utf8Json, T rootValue, CancellationToken cancellationToken, Object rootValueBoxed)
   at System.Text.Json.Serialization.Metadata.JsonTypeInfo`1.SerializeAsync(Stream utf8Json, T rootValue, CancellationToken cancellationToken, Object rootValueBoxed)
   at Microsoft.AspNetCore.Http.HttpResponseJsonExtensions.WriteAsJsonAsyncSlow[TValue](Stream body, TValue value, JsonSerializerOptions options, CancellationToken cancellationToken)
   at B39.ScanChain.HttpApi.Middlewares.ExceptionHandlingMiddleware.Invoke(HttpContext context) in C:\Users\luong.ha\Documents\Dev\ScanChain\scan-chain-api\host\B39.ScanChain.HttpApi\Middlewares\ExceptionHandlingMiddleware.cs:line 36
   at Swashbuckle.AspNetCore.SwaggerUI.SwaggerUIMiddleware.Invoke(HttpContext httpContext)
   at Swashbuckle.AspNetCore.Swagger.SwaggerMiddleware.Invoke(HttpContext httpContext, ISwaggerProvider swaggerProvider)
   at Microsoft.AspNetCore.Diagnostics.DeveloperExceptionPageMiddlewareImpl.Invoke(HttpContext context)
